2020-08-02 03:49:35,114 P3425 [INFO] ************************************************************
2020-08-02 03:49:35,114 P3425 [INFO] ConfigSet _OnInstanceBoot
2020-08-02 03:49:35,117 P3425 [INFO] ++++++++++++++++++++++++++++++++++++++++++++++++++++++++++++
2020-08-02 03:49:35,118 P3425 [INFO] Config AWSEBBaseConfig
2020-08-02 03:49:35,302 P3425 [INFO] ============================================================
2020-08-02 03:49:35,302 P3425 [INFO] Command clearbackupfiles
2020-08-02 03:49:35,307 P3425 [INFO] Completed successfully.
2020-08-02 03:49:35,312 P3425 [INFO] ++++++++++++++++++++++++++++++++++++++++++++++++++++++++++++
2020-08-02 03:49:35,312 P3425 [INFO] Config AWSEBCfnHupEndpointOverride
2020-08-02 03:49:35,314 P3425 [INFO] ============================================================
2020-08-02 03:49:35,314 P3425 [INFO] Command clearbackupfiles
2020-08-02 03:49:35,318 P3425 [INFO] Completed successfully.
2020-08-02 03:49:40,538 P3607 [INFO] ************************************************************
2020-08-02 03:49:40,538 P3607 [INFO] ConfigSet Infra-EmbeddedPreBuild
2020-08-02 03:50:42,950 P3746 [INFO] ************************************************************
2020-08-02 03:50:42,950 P3746 [INFO] ConfigSet Infra-EmbeddedPostBuild
2020-08-02 06:48:04,116 P324 [INFO] ************************************************************
2020-08-02 06:48:04,116 P324 [INFO] ConfigSet Infra-EmbeddedPreBuild
2020-08-02 06:48:38,216 P412 [INFO] ************************************************************
2020-08-02 06:48:38,216 P412 [INFO] ConfigSet Infra-EmbeddedPostBuild
2020-08-02 07:21:03,073 P1230 [INFO] ************************************************************
2020-08-02 07:21:03,073 P1230 [INFO] ConfigSet Infra-EmbeddedPreBuild
2020-08-02 07:21:31,733 P1318 [INFO] ************************************************************
2020-08-02 07:21:31,733 P1318 [INFO] ConfigSet Infra-EmbeddedPostBuild
2020-08-02 07:28:35,566 P1755 [INFO] ************************************************************
2020-08-02 07:28:35,566 P1755 [INFO] ConfigSet Infra-EmbeddedPreBuild
2020-08-02 07:29:04,076 P1845 [INFO] ************************************************************
2020-08-02 07:29:04,076 P1845 [INFO] ConfigSet Infra-EmbeddedPostBuild
2020-08-02 20:21:38,174 P10541 [INFO] ************************************************************
2020-08-02 20:21:38,174 P10541 [INFO] ConfigSet Infra-EmbeddedPreBuild
2020-08-02 20:22:06,912 P10630 [INFO] ************************************************************
2020-08-02 20:22:06,912 P10630 [INFO] ConfigSet Infra-EmbeddedPostBuild
2020-08-02 20:40:03,416 P11210 [INFO] ************************************************************
2020-08-02 20:40:03,416 P11210 [INFO] ConfigSet Infra-EmbeddedPreBuild
2020-08-02 20:40:31,750 P11297 [INFO] ************************************************************
2020-08-02 20:40:31,750 P11297 [INFO] ConfigSet Infra-EmbeddedPostBuild
2020-08-02 20:55:10,716 P11846 [INFO] ************************************************************
2020-08-02 20:55:10,717 P11846 [INFO] ConfigSet Infra-EmbeddedPreBuild
2020-08-02 20:55:39,168 P11933 [INFO] ************************************************************
2020-08-02 20:55:39,169 P11933 [INFO] ConfigSet Infra-EmbeddedPostBuild
2020-08-02 20:56:17,556 P12328 [INFO] ************************************************************
2020-08-02 20:56:17,556 P12328 [INFO] ConfigSet Infra-EmbeddedPreBuild
2020-08-02 20:56:46,035 P12414 [INFO] ************************************************************
2020-08-02 20:56:46,035 P12414 [INFO] ConfigSet Infra-EmbeddedPostBuild
2020-08-02 21:23:51,736 P13122 [INFO] ************************************************************
2020-08-02 21:23:51,736 P13122 [INFO] ConfigSet Infra-EmbeddedPreBuild
2020-08-02 21:24:20,151 P13209 [INFO] ************************************************************
2020-08-02 21:24:20,151 P13209 [INFO] ConfigSet Infra-EmbeddedPostBuild
2020-08-02 21:27:29,496 P13560 [INFO] ************************************************************
2020-08-02 21:27:29,497 P13560 [INFO] ConfigSet Infra-EmbeddedPreBuild
2020-08-02 21:27:58,108 P13646 [INFO] ************************************************************
2020-08-02 21:27:58,108 P13646 [INFO] ConfigSet Infra-EmbeddedPostBuild
2020-08-02 21:32:21,781 P14055 [INFO] ************************************************************
2020-08-02 21:32:21,782 P14055 [INFO] ConfigSet Infra-EmbeddedPreBuild
2020-08-02 21:32:50,149 P14142 [INFO] ************************************************************
2020-08-02 21:32:50,149 P14142 [INFO] ConfigSet Infra-EmbeddedPostBuild
2020-08-02 21:35:17,505 P14492 [INFO] ************************************************************
2020-08-02 21:35:17,505 P14492 [INFO] ConfigSet Infra-EmbeddedPostBuild
2020-08-02 21:38:31,169 P14772 [INFO] ************************************************************
2020-08-02 21:38:31,169 P14772 [INFO] ConfigSet Infra-EmbeddedPreBuild
2020-08-02 21:38:59,807 P14859 [INFO] ************************************************************
2020-08-02 21:38:59,807 P14859 [INFO] ConfigSet Infra-EmbeddedPostBuild
2020-08-02 21:40:09,758 P15270 [INFO] ************************************************************
2020-08-02 21:40:09,758 P15270 [INFO] ConfigSet Infra-EmbeddedPreBuild
2020-08-02 21:40:38,205 P15356 [INFO] ************************************************************
2020-08-02 21:40:38,205 P15356 [INFO] ConfigSet Infra-EmbeddedPostBuild
2020-08-02 21:45:33,818 P15777 [INFO] ************************************************************
2020-08-02 21:45:33,818 P15777 [INFO] ConfigSet Infra-EmbeddedPostBuild
2020-08-02 21:52:24,970 P16183 [INFO] ************************************************************
2020-08-02 21:52:24,970 P16183 [INFO] ConfigSet Infra-EmbeddedPreBuild
2020-08-02 21:52:53,446 P16270 [INFO] ************************************************************
2020-08-02 21:52:53,446 P16270 [INFO] ConfigSet Infra-EmbeddedPostBuild
