2020-08-02 03:49:40,323 [DEBUG] CloudFormation client initialized with endpoint https://cloudformation.us-east-1.amazonaws.com
2020-08-02 03:49:40,323 [DEBUG] SQS client initialized with endpoint https://sqs.us-east-1.amazonaws.com
2020-08-02 03:49:40,323 [DEBUG] CloudFormation client initialized with endpoint https://cloudformation.us-east-1.amazonaws.com
2020-08-02 03:49:40,323 [DEBUG] Enabled single threading mode.
2020-08-02 03:49:40,323 [DEBUG] Creating /var/lib/cfn-hup/data
2020-08-02 03:49:40,335 [INFO] No umask value specified in config file. Using the default one: 022
2020-08-02 03:49:40,885 [INFO] Refreshing listener credentials
2020-08-02 03:49:40,999 [INFO] Scheduling next credential refresh in 7200 seconds
2020-08-02 03:50:44,194 [ERROR] Timeout
Traceback (most recent call last):
  File "/usr/lib/python2.7/site-packages/cfnbootstrap/util.py", line 162, in _retry
    return f(*args, **kwargs)
  File "/usr/lib/python2.7/site-packages/cfnbootstrap/util.py", line 234, in _timeout
    raise exc[0]
ReadTimeout: HTTPSConnectionPool(host='sqs.us-east-1.amazonaws.com', port=443): Read timed out. (read timeout=23)
2020-08-02 03:54:45,416 [INFO] command processing is alive.
2020-08-02 03:59:46,012 [INFO] command processing is alive.
2020-08-02 04:04:46,699 [INFO] command processing is alive.
2020-08-02 04:09:47,442 [INFO] command processing is alive.
2020-08-02 04:14:48,040 [INFO] command processing is alive.
2020-08-02 04:19:48,938 [INFO] command processing is alive.
2020-08-02 04:24:49,687 [INFO] command processing is alive.
2020-08-02 04:29:50,529 [INFO] command processing is alive.
2020-08-02 04:34:51,331 [INFO] command processing is alive.
2020-08-02 04:39:52,178 [INFO] command processing is alive.
2020-08-02 04:44:52,977 [INFO] command processing is alive.
2020-08-02 04:49:53,678 [INFO] command processing is alive.
2020-08-02 04:54:54,383 [INFO] command processing is alive.
2020-08-02 04:59:55,090 [INFO] command processing is alive.
2020-08-02 05:04:55,905 [INFO] command processing is alive.
2020-08-02 05:09:56,561 [INFO] command processing is alive.
2020-08-02 05:14:58,208 [INFO] command processing is alive.
2020-08-02 05:19:59,100 [INFO] command processing is alive.
2020-08-02 05:24:59,748 [INFO] command processing is alive.
2020-08-02 05:30:00,464 [INFO] command processing is alive.
2020-08-02 05:35:01,204 [INFO] command processing is alive.
2020-08-02 05:40:01,970 [INFO] command processing is alive.
2020-08-02 05:45:02,516 [INFO] command processing is alive.
2020-08-02 05:49:41,002 [INFO] Refreshing listener credentials
2020-08-02 05:49:41,116 [INFO] Scheduling next credential refresh in 7200 seconds
2020-08-02 05:50:03,248 [INFO] command processing is alive.
2020-08-02 05:55:03,895 [INFO] command processing is alive.
2020-08-02 06:00:04,634 [INFO] command processing is alive.
2020-08-02 06:05:05,340 [INFO] command processing is alive.
2020-08-02 06:10:05,940 [INFO] command processing is alive.
2020-08-02 06:15:06,445 [INFO] command processing is alive.
2020-08-02 06:20:07,354 [INFO] command processing is alive.
2020-08-02 06:25:08,048 [INFO] command processing is alive.
2020-08-02 06:30:08,618 [INFO] command processing is alive.
2020-08-02 06:35:09,422 [INFO] command processing is alive.
2020-08-02 06:40:10,023 [INFO] command processing is alive.
2020-08-02 06:45:10,721 [INFO] command processing is alive.
2020-08-02 06:48:01,914 [INFO] Received command ElasticBeanstalkCommand-AWSEBAutoScalingGroup (invocation id: 70f464ce-6ced-4eda-bdd7-48306d237268)
2020-08-02 06:48:01,915 [INFO] Running action for aws-eb-command-handler
2020-08-02 06:48:44,732 [INFO] Action for aws-eb-command-handler succeeded, returning SUCCESS
2020-08-02 06:50:25,097 [INFO] command processing is alive.
2020-08-02 06:55:25,653 [INFO] command processing is alive.
2020-08-02 07:00:26,434 [INFO] command processing is alive.
2020-08-02 07:05:27,137 [INFO] command processing is alive.
2020-08-02 07:10:27,794 [INFO] command processing is alive.
2020-08-02 07:15:28,594 [INFO] command processing is alive.
2020-08-02 07:20:29,261 [INFO] command processing is alive.
2020-08-02 07:21:00,792 [INFO] Received command ElasticBeanstalkCommand-AWSEBAutoScalingGroup (invocation id: c256f0b1-777d-43d3-ace3-21cf6f52cdf7)
2020-08-02 07:21:00,792 [INFO] Running action for aws-eb-command-handler
2020-08-02 07:21:33,070 [INFO] Action for aws-eb-command-handler succeeded, returning SUCCESS
2020-08-02 07:25:33,695 [INFO] command processing is alive.
2020-08-02 07:28:33,683 [INFO] Received command ElasticBeanstalkCommand-AWSEBAutoScalingGroup (invocation id: 54ef0a87-18ab-4247-993f-cd54dc9c14a0)
2020-08-02 07:28:33,684 [INFO] Running action for aws-eb-command-handler
2020-08-02 07:29:05,455 [INFO] Action for aws-eb-command-handler succeeded, returning SUCCESS
2020-08-02 07:30:45,805 [INFO] command processing is alive.
2020-08-02 07:35:46,522 [INFO] command processing is alive.
2020-08-02 07:40:47,186 [INFO] command processing is alive.
2020-08-02 07:45:47,834 [INFO] command processing is alive.
2020-08-02 07:49:41,117 [INFO] Refreshing listener credentials
2020-08-02 07:49:41,231 [INFO] Scheduling next credential refresh in 7200 seconds
2020-08-02 07:50:48,498 [INFO] command processing is alive.
2020-08-02 07:55:49,116 [INFO] command processing is alive.
2020-08-02 08:00:49,691 [INFO] command processing is alive.
2020-08-02 08:05:50,403 [INFO] command processing is alive.
2020-08-02 08:10:51,100 [INFO] command processing is alive.
2020-08-02 08:15:51,960 [INFO] command processing is alive.
2020-08-02 08:20:52,569 [INFO] command processing is alive.
2020-08-02 08:25:53,373 [INFO] command processing is alive.
2020-08-02 08:30:53,926 [INFO] command processing is alive.
2020-08-02 08:35:54,768 [INFO] command processing is alive.
2020-08-02 08:40:55,463 [INFO] command processing is alive.
2020-08-02 08:45:56,119 [INFO] command processing is alive.
2020-08-02 08:50:56,721 [INFO] command processing is alive.
2020-08-02 08:55:57,374 [INFO] command processing is alive.
2020-08-02 09:00:58,101 [INFO] command processing is alive.
2020-08-02 09:05:58,847 [INFO] command processing is alive.
2020-08-02 09:10:59,611 [INFO] command processing is alive.
2020-08-02 09:16:00,371 [INFO] command processing is alive.
2020-08-02 09:21:00,920 [INFO] command processing is alive.
2020-08-02 09:26:01,566 [INFO] command processing is alive.
2020-08-02 09:31:02,321 [INFO] command processing is alive.
2020-08-02 09:36:02,915 [INFO] command processing is alive.
2020-08-02 09:41:03,619 [INFO] command processing is alive.
2020-08-02 09:46:04,271 [INFO] command processing is alive.
2020-08-02 09:49:41,232 [INFO] Refreshing listener credentials
2020-08-02 09:49:41,346 [INFO] Scheduling next credential refresh in 7200 seconds
2020-08-02 09:51:04,884 [INFO] command processing is alive.
2020-08-02 09:56:05,746 [INFO] command processing is alive.
2020-08-02 10:01:06,420 [INFO] command processing is alive.
2020-08-02 10:06:07,139 [INFO] command processing is alive.
2020-08-02 10:11:07,757 [INFO] command processing is alive.
2020-08-02 10:16:08,566 [INFO] command processing is alive.
2020-08-02 10:21:09,322 [INFO] command processing is alive.
2020-08-02 10:26:10,173 [INFO] command processing is alive.
2020-08-02 10:31:10,962 [INFO] command processing is alive.
2020-08-02 10:36:11,610 [INFO] command processing is alive.
2020-08-02 10:41:12,160 [INFO] command processing is alive.
2020-08-02 10:46:12,862 [INFO] command processing is alive.
2020-08-02 10:51:13,609 [INFO] command processing is alive.
2020-08-02 10:56:14,273 [INFO] command processing is alive.
2020-08-02 11:01:14,936 [INFO] command processing is alive.
2020-08-02 11:06:15,732 [INFO] command processing is alive.
2020-08-02 11:11:16,284 [INFO] command processing is alive.
2020-08-02 11:16:16,931 [INFO] command processing is alive.
2020-08-02 11:21:17,479 [INFO] command processing is alive.
2020-08-02 11:26:18,029 [INFO] command processing is alive.
2020-08-02 11:31:18,856 [INFO] command processing is alive.
2020-08-02 11:36:19,567 [INFO] command processing is alive.
2020-08-02 11:41:20,266 [INFO] command processing is alive.
2020-08-02 11:46:22,513 [INFO] command processing is alive.
2020-08-02 11:49:41,347 [INFO] Refreshing listener credentials
2020-08-02 11:49:41,461 [INFO] Scheduling next credential refresh in 7200 seconds
2020-08-02 11:51:23,267 [INFO] command processing is alive.
2020-08-02 11:56:23,942 [INFO] command processing is alive.
2020-08-02 12:01:24,594 [INFO] command processing is alive.
2020-08-02 12:06:25,237 [INFO] command processing is alive.
2020-08-02 12:11:25,942 [INFO] command processing is alive.
2020-08-02 12:16:26,688 [INFO] command processing is alive.
2020-08-02 12:21:27,496 [INFO] command processing is alive.
2020-08-02 12:26:28,091 [INFO] command processing is alive.
2020-08-02 12:31:28,827 [INFO] command processing is alive.
2020-08-02 12:36:29,626 [INFO] command processing is alive.
2020-08-02 12:41:30,238 [INFO] command processing is alive.
2020-08-02 12:46:30,988 [INFO] command processing is alive.
2020-08-02 12:51:31,625 [INFO] command processing is alive.
2020-08-02 12:56:32,219 [INFO] command processing is alive.
2020-08-02 13:01:32,990 [INFO] command processing is alive.
2020-08-02 13:06:33,691 [INFO] command processing is alive.
2020-08-02 13:11:34,345 [INFO] command processing is alive.
2020-08-02 13:16:35,095 [INFO] command processing is alive.
2020-08-02 13:21:35,789 [INFO] command processing is alive.
2020-08-02 13:26:36,446 [INFO] command processing is alive.
2020-08-02 13:31:37,108 [INFO] command processing is alive.
2020-08-02 13:36:37,662 [INFO] command processing is alive.
2020-08-02 13:41:38,410 [INFO] command processing is alive.
2020-08-02 13:46:39,068 [INFO] command processing is alive.
2020-08-02 13:49:41,462 [INFO] Refreshing listener credentials
2020-08-02 13:49:41,576 [INFO] Scheduling next credential refresh in 7200 seconds
2020-08-02 13:51:39,670 [INFO] command processing is alive.
2020-08-02 13:56:40,363 [INFO] command processing is alive.
2020-08-02 14:01:41,070 [INFO] command processing is alive.
2020-08-02 14:06:41,671 [INFO] command processing is alive.
2020-08-02 14:11:42,480 [INFO] command processing is alive.
2020-08-02 14:16:43,129 [INFO] command processing is alive.
2020-08-02 14:21:43,974 [INFO] command processing is alive.
2020-08-02 14:26:44,525 [INFO] command processing is alive.
2020-08-02 14:31:45,279 [INFO] command processing is alive.
2020-08-02 14:36:45,829 [INFO] command processing is alive.
2020-08-02 14:41:46,528 [INFO] command processing is alive.
2020-08-02 14:46:47,132 [INFO] command processing is alive.
2020-08-02 14:51:47,832 [INFO] command processing is alive.
2020-08-02 14:56:48,582 [INFO] command processing is alive.
2020-08-02 15:01:49,247 [INFO] command processing is alive.
2020-08-02 15:06:49,999 [INFO] command processing is alive.
2020-08-02 15:11:50,660 [INFO] command processing is alive.
2020-08-02 15:16:51,464 [INFO] command processing is alive.
2020-08-02 15:21:52,062 [INFO] command processing is alive.
2020-08-02 15:26:52,734 [INFO] command processing is alive.
2020-08-02 15:31:53,542 [INFO] command processing is alive.
2020-08-02 15:36:54,284 [INFO] command processing is alive.
2020-08-02 15:41:55,036 [INFO] command processing is alive.
2020-08-02 15:46:55,693 [INFO] command processing is alive.
2020-08-02 15:49:41,577 [INFO] Refreshing listener credentials
2020-08-02 15:49:41,691 [INFO] Scheduling next credential refresh in 7200 seconds
2020-08-02 15:51:56,348 [INFO] command processing is alive.
2020-08-02 15:56:57,095 [INFO] command processing is alive.
2020-08-02 16:01:57,825 [INFO] command processing is alive.
2020-08-02 16:06:58,624 [INFO] command processing is alive.
2020-08-02 16:11:59,299 [INFO] command processing is alive.
2020-08-02 16:17:00,007 [INFO] command processing is alive.
2020-08-02 16:22:00,766 [INFO] command processing is alive.
2020-08-02 16:27:01,331 [INFO] command processing is alive.
2020-08-02 16:32:02,321 [INFO] command processing is alive.
2020-08-02 16:37:03,093 [INFO] command processing is alive.
2020-08-02 16:42:03,845 [INFO] command processing is alive.
2020-08-02 16:47:04,503 [INFO] command processing is alive.
2020-08-02 16:52:05,265 [INFO] command processing is alive.
2020-08-02 16:57:05,932 [INFO] command processing is alive.
2020-08-02 17:02:08,294 [INFO] command processing is alive.
2020-08-02 17:07:09,160 [INFO] command processing is alive.
2020-08-02 17:12:09,813 [INFO] command processing is alive.
2020-08-02 17:17:10,488 [INFO] command processing is alive.
2020-08-02 17:22:11,041 [INFO] command processing is alive.
2020-08-02 17:27:11,746 [INFO] command processing is alive.
2020-08-02 17:32:12,425 [INFO] command processing is alive.
2020-08-02 17:37:13,127 [INFO] command processing is alive.
2020-08-02 17:42:13,977 [INFO] command processing is alive.
2020-08-02 17:47:14,669 [INFO] command processing is alive.
2020-08-02 17:49:41,692 [INFO] Refreshing listener credentials
2020-08-02 17:49:41,806 [INFO] Scheduling next credential refresh in 7200 seconds
2020-08-02 17:52:15,277 [INFO] command processing is alive.
2020-08-02 17:57:15,992 [INFO] command processing is alive.
2020-08-02 18:02:16,841 [INFO] command processing is alive.
2020-08-02 18:07:17,696 [INFO] command processing is alive.
2020-08-02 18:12:18,410 [INFO] command processing is alive.
2020-08-02 18:17:19,247 [INFO] command processing is alive.
2020-08-02 18:22:19,992 [INFO] command processing is alive.
2020-08-02 18:27:20,853 [INFO] command processing is alive.
2020-08-02 18:32:21,408 [INFO] command processing is alive.
2020-08-02 18:37:22,256 [INFO] command processing is alive.
2020-08-02 18:42:23,053 [INFO] command processing is alive.
2020-08-02 18:47:25,309 [INFO] command processing is alive.
2020-08-02 18:52:25,965 [INFO] command processing is alive.
2020-08-02 18:57:26,713 [INFO] command processing is alive.
2020-08-02 19:02:27,439 [INFO] command processing is alive.
2020-08-02 19:07:28,190 [INFO] command processing is alive.
2020-08-02 19:12:28,990 [INFO] command processing is alive.
2020-08-02 19:17:29,594 [INFO] command processing is alive.
2020-08-02 19:22:30,399 [INFO] command processing is alive.
2020-08-02 19:27:31,236 [INFO] command processing is alive.
2020-08-02 19:32:32,099 [INFO] command processing is alive.
2020-08-02 19:37:32,847 [INFO] command processing is alive.
2020-08-02 19:42:33,650 [INFO] command processing is alive.
2020-08-02 19:47:34,396 [INFO] command processing is alive.
2020-08-02 19:49:41,807 [INFO] Refreshing listener credentials
2020-08-02 19:49:41,921 [INFO] Scheduling next credential refresh in 7200 seconds
2020-08-02 19:52:35,011 [INFO] command processing is alive.
2020-08-02 19:57:35,779 [INFO] command processing is alive.
2020-08-02 20:02:36,519 [INFO] command processing is alive.
2020-08-02 20:07:37,127 [INFO] command processing is alive.
2020-08-02 20:12:37,875 [INFO] command processing is alive.
2020-08-02 20:17:38,480 [INFO] command processing is alive.
2020-08-02 20:21:36,281 [INFO] Received command ElasticBeanstalkCommand-AWSEBAutoScalingGroup (invocation id: a6581e34-ebfa-4434-9264-e82b6a78a3cb)
2020-08-02 20:21:36,281 [INFO] Running action for aws-eb-command-handler
2020-08-02 20:22:08,231 [INFO] Action for aws-eb-command-handler succeeded, returning SUCCESS
2020-08-02 20:22:48,407 [INFO] command processing is alive.
2020-08-02 20:27:49,259 [INFO] command processing is alive.
2020-08-02 20:32:49,924 [INFO] command processing is alive.
2020-08-02 20:37:50,728 [INFO] command processing is alive.
2020-08-02 20:40:01,009 [INFO] Received command ElasticBeanstalkCommand-AWSEBAutoScalingGroup (invocation id: c3980cd3-2da2-416c-ab0a-2c6007b57918)
2020-08-02 20:40:01,009 [INFO] Running action for aws-eb-command-handler
2020-08-02 20:40:33,087 [INFO] Action for aws-eb-command-handler succeeded, returning SUCCESS
2020-08-02 20:42:53,591 [INFO] command processing is alive.
2020-08-02 20:47:54,204 [INFO] command processing is alive.
2020-08-02 20:52:55,046 [INFO] command processing is alive.
2020-08-02 20:55:08,640 [INFO] Received command ElasticBeanstalkCommand-AWSEBAutoScalingGroup (invocation id: 583bd2b1-f331-4c82-a023-e40407411b33)
2020-08-02 20:55:08,640 [INFO] Running action for aws-eb-command-handler
2020-08-02 20:55:40,521 [INFO] Action for aws-eb-command-handler succeeded, returning SUCCESS
2020-08-02 20:56:15,425 [INFO] Received command ElasticBeanstalkCommand-AWSEBAutoScalingGroup (invocation id: 0a665310-b428-4bb6-846f-a4c27e9da71f)
2020-08-02 20:56:15,426 [INFO] Running action for aws-eb-command-handler
2020-08-02 20:56:52,503 [INFO] Action for aws-eb-command-handler succeeded, returning SUCCESS
2020-08-02 20:58:12,826 [INFO] command processing is alive.
2020-08-02 21:03:13,614 [INFO] command processing is alive.
2020-08-02 21:08:14,311 [INFO] command processing is alive.
2020-08-02 21:13:15,075 [INFO] command processing is alive.
2020-08-02 21:18:15,829 [INFO] command processing is alive.
2020-08-02 21:23:16,438 [INFO] command processing is alive.
2020-08-02 21:23:49,576 [INFO] Received command ElasticBeanstalkCommand-AWSEBAutoScalingGroup (invocation id: e1a08f7a-d34d-4f42-a59f-d20dacdb00ac)
2020-08-02 21:23:49,576 [INFO] Running action for aws-eb-command-handler
2020-08-02 21:24:21,495 [INFO] Action for aws-eb-command-handler succeeded, returning SUCCESS
2020-08-02 21:25:15,913 [INFO] Received command ElasticBeanstalkCommand-AWSEBAutoScalingGroup (invocation id: c27a3c04-72aa-4bc1-ad24-47038e509cce)
2020-08-02 21:25:15,913 [INFO] Running action for aws-eb-command-handler
2020-08-02 21:25:21,855 [INFO] Action for aws-eb-command-handler succeeded, returning SUCCESS
2020-08-02 21:27:27,403 [INFO] Received command ElasticBeanstalkCommand-AWSEBAutoScalingGroup (invocation id: fd55d072-7ff6-4b31-93ea-5e7779cc7d0a)
2020-08-02 21:27:27,404 [INFO] Running action for aws-eb-command-handler
2020-08-02 21:27:59,430 [INFO] Action for aws-eb-command-handler succeeded, returning SUCCESS
2020-08-02 21:28:19,612 [INFO] command processing is alive.
2020-08-02 21:29:06,908 [INFO] Received command ElasticBeanstalkCommand-AWSEBAutoScalingGroup (invocation id: f6b61036-4480-4208-b5c8-7c98c15feba4)
2020-08-02 21:29:06,908 [INFO] Running action for aws-eb-command-handler
2020-08-02 21:29:12,854 [INFO] Action for aws-eb-command-handler succeeded, returning SUCCESS
2020-08-02 21:29:43,338 [INFO] Received command ElasticBeanstalkCommand-AWSEBAutoScalingGroup (invocation id: e9da49e7-4f36-4f66-94b2-947378856b48)
2020-08-02 21:29:43,338 [INFO] Running action for aws-eb-command-handler
2020-08-02 21:29:44,297 [INFO] Action for aws-eb-command-handler succeeded, returning SUCCESS
2020-08-02 21:32:19,892 [INFO] Received command ElasticBeanstalkCommand-AWSEBAutoScalingGroup (invocation id: c2f067b2-8dad-488e-92d5-cc5ff88c8729)
2020-08-02 21:32:19,892 [INFO] Running action for aws-eb-command-handler
2020-08-02 21:32:51,500 [INFO] Action for aws-eb-command-handler succeeded, returning SUCCESS
2020-08-02 21:33:31,794 [INFO] command processing is alive.
2020-08-02 21:34:48,208 [INFO] Received command ElasticBeanstalkCommand-AWSEBAutoScalingGroup (invocation id: ec4d214e-30a5-4538-bb7a-1b947600106a)
2020-08-02 21:34:48,208 [INFO] Running action for aws-eb-command-handler
2020-08-02 21:35:18,874 [INFO] Action for aws-eb-command-handler succeeded, returning SUCCESS
2020-08-02 21:38:29,080 [INFO] Received command ElasticBeanstalkCommand-AWSEBAutoScalingGroup (invocation id: feb7bd63-db39-4f52-a954-bb512e981286)
2020-08-02 21:38:29,080 [INFO] Running action for aws-eb-command-handler
2020-08-02 21:39:01,192 [INFO] Action for aws-eb-command-handler succeeded, returning SUCCESS
2020-08-02 21:39:01,337 [INFO] command processing is alive.
2020-08-02 21:40:07,814 [INFO] Received command ElasticBeanstalkCommand-AWSEBAutoScalingGroup (invocation id: 860fb6df-8b5c-489c-b281-e74307b80f98)
2020-08-02 21:40:07,814 [INFO] Running action for aws-eb-command-handler
2020-08-02 21:40:39,520 [INFO] Action for aws-eb-command-handler succeeded, returning SUCCESS
2020-08-02 21:41:14,865 [INFO] Received command ElasticBeanstalkCommand-AWSEBAutoScalingGroup (invocation id: 1f1de2a7-63f9-429f-9857-f2be762e2013)
2020-08-02 21:41:14,865 [INFO] Running action for aws-eb-command-handler
2020-08-02 21:41:15,791 [INFO] Action for aws-eb-command-handler succeeded, returning SUCCESS
2020-08-02 21:44:16,342 [INFO] command processing is alive.
2020-08-02 21:45:04,541 [INFO] Received command ElasticBeanstalkCommand-AWSEBAutoScalingGroup (invocation id: fb96ddcb-d491-45bd-a2a9-4e2229fc3ea8)
2020-08-02 21:45:04,541 [INFO] Running action for aws-eb-command-handler
2020-08-02 21:45:35,151 [INFO] Action for aws-eb-command-handler succeeded, returning SUCCESS
2020-08-02 21:46:42,739 [INFO] Received command ElasticBeanstalkCommand-AWSEBAutoScalingGroup (invocation id: d02a6652-7d2d-4a69-a011-f35399fd93d3)
2020-08-02 21:46:42,739 [INFO] Running action for aws-eb-command-handler
2020-08-02 21:46:48,862 [INFO] Action for aws-eb-command-handler succeeded, returning SUCCESS
2020-08-02 21:49:29,442 [INFO] command processing is alive.
2020-08-02 21:49:41,922 [INFO] Refreshing listener credentials
2020-08-02 21:49:42,037 [INFO] Scheduling next credential refresh in 7200 seconds
2020-08-02 21:52:22,995 [INFO] Received command ElasticBeanstalkCommand-AWSEBAutoScalingGroup (invocation id: a5b5d81c-67e6-440f-af5b-9ae5741b2869)
2020-08-02 21:52:22,995 [INFO] Running action for aws-eb-command-handler
2020-08-02 21:52:54,808 [INFO] Action for aws-eb-command-handler succeeded, returning SUCCESS
2020-08-02 21:54:35,160 [INFO] command processing is alive.
2020-08-02 21:59:35,808 [INFO] command processing is alive.
2020-08-02 22:03:39,240 [INFO] Received command ElasticBeanstalkCommand-AWSEBAutoScalingGroup (invocation id: 9b3a38c8-a424-4671-b144-fb123ef9b141)
2020-08-02 22:03:39,240 [INFO] Running action for aws-eb-command-handler
